2023-10-30 16:54:01.093 UTC [37] LOG:  starting PostgreSQL 15.4 on x86_64-pc-linux-musl, compiled by gcc (Alpine 12.2.1_git20220924-r10) 12.2.1 20220924, 64-bit
2023-10-30 16:54:01.094 UTC [37] LOG:  listening on Unix socket "/var/run/postgresql/.s.PGSQL.5432"
2023-10-30 16:54:01.097 UTC [41] LOG:  database system was shut down at 2023-10-30 16:54:01 UTC
2023-10-30 16:54:01.100 UTC [37] LOG:  database system is ready to accept connections
2023-10-30 16:54:01.217 UTC [37] LOG:  received fast shutdown request
2023-10-30 16:54:01.218 UTC [37] LOG:  aborting any active transactions
2023-10-30 16:54:01.219 UTC [37] LOG:  background worker "logical replication launcher" (PID 44) exited with exit code 1
2023-10-30 16:54:01.219 UTC [39] LOG:  shutting down
2023-10-30 16:54:01.220 UTC [39] LOG:  checkpoint starting: shutdown immediate
2023-10-30 16:54:01.238 UTC [39] LOG:  checkpoint complete: wrote 918 buffers (5.6%); 0 WAL file(s) added, 0 removed, 0 recycled; write=0.008 s, sync=0.007 s, total=0.019 s; sync files=301, longest=0.001 s, average=0.001 s; distance=4223 kB, estimate=4223 kB
2023-10-30 16:54:01.241 UTC [37] LOG:  database system is shut down
2023-10-30 16:54:01.341 UTC [1] LOG:  starting PostgreSQL 15.4 on x86_64-pc-linux-musl, compiled by gcc (Alpine 12.2.1_git20220924-r10) 12.2.1 20220924, 64-bit
2023-10-30 16:54:01.341 UTC [1] LOG:  listening on IPv4 address "0.0.0.0", port 5432
2023-10-30 16:54:01.341 UTC [1] LOG:  listening on IPv6 address "::", port 5432
2023-10-30 16:54:01.344 UTC [1] LOG:  listening on Unix socket "/var/run/postgresql/.s.PGSQL.5432"
2023-10-30 16:54:01.348 UTC [55] LOG:  database system was shut down at 2023-10-30 16:54:01 UTC
2023-10-30 16:54:01.351 UTC [1] LOG:  database system is ready to accept connections
2023-10-30 16:59:01.360 UTC [53] LOG:  checkpoint starting: time
2023-10-30 16:59:08.807 UTC [53] LOG:  checkpoint complete: wrote 77 buffers (0.5%); 0 WAL file(s) added, 0 removed, 0 recycled; write=7.434 s, sync=0.004 s, total=7.447 s; sync files=43, longest=0.003 s, average=0.001 s; distance=381 kB, estimate=381 kB
2023-10-30 17:14:02.107 UTC [53] LOG:  checkpoint starting: time
2023-10-30 17:14:02.626 UTC [53] LOG:  checkpoint complete: wrote 6 buffers (0.0%); 0 WAL file(s) added, 0 removed, 0 recycled; write=0.506 s, sync=0.003 s, total=0.519 s; sync files=5, longest=0.002 s, average=0.001 s; distance=1 kB, estimate=343 kB
2023-10-30 18:31:49.398 UTC [359] ERROR:  relation "users" does not exist at character 157
2023-10-30 18:31:49.398 UTC [359] STATEMENT:  SELECT users.id, users.api_key, users.name, tweets_1.tweet_id, tweets_1.tweet_data, tweets_1.tweet_media_ids, tweets_1.user_id, tweets_1.time_created 
	FROM users LEFT OUTER JOIN tweets AS tweets_1 ON users.id = tweets_1.user_id 
	WHERE users.api_key = $1::VARCHAR
2023-10-30 18:54:04.241 UTC [53] LOG:  checkpoint starting: time
2023-10-30 18:54:13.402 UTC [53] LOG:  checkpoint complete: wrote 92 buffers (0.6%); 0 WAL file(s) added, 0 removed, 0 recycled; write=9.143 s, sync=0.010 s, total=9.161 s; sync files=65, longest=0.003 s, average=0.001 s; distance=284 kB, estimate=337 kB
2023-10-30 18:55:21.508 UTC [1] LOG:  received fast shutdown request
2023-10-30 18:55:21.509 UTC [1] LOG:  aborting any active transactions
2023-10-30 18:55:21.509 UTC [403] FATAL:  terminating connection due to administrator command
2023-10-30 18:55:21.511 UTC [1] LOG:  background worker "logical replication launcher" (PID 58) exited with exit code 1
2023-10-30 18:55:21.511 UTC [53] LOG:  shutting down
2023-10-30 18:55:21.512 UTC [53] LOG:  checkpoint starting: shutdown immediate
2023-10-30 18:55:21.515 UTC [53] LOG:  checkpoint complete: wrote 0 buffers (0.0%); 0 WAL file(s) added, 0 removed, 0 recycled; write=0.001 s, sync=0.001 s, total=0.005 s; sync files=0, longest=0.000 s, average=0.000 s; distance=0 kB, estimate=303 kB
2023-10-30 18:55:21.518 UTC [1] LOG:  database system is shut down
