2023-11-01 19:20:13.077 UTC [1] LOG:  starting PostgreSQL 15.4 on x86_64-pc-linux-musl, compiled by gcc (Alpine 12.2.1_git20220924-r10) 12.2.1 20220924, 64-bit
2023-11-01 19:20:13.077 UTC [1] LOG:  listening on IPv4 address "0.0.0.0", port 5432
2023-11-01 19:20:13.077 UTC [1] LOG:  listening on IPv6 address "::", port 5432
2023-11-01 19:20:13.079 UTC [1] LOG:  listening on Unix socket "/var/run/postgresql/.s.PGSQL.5432"
2023-11-01 19:20:13.085 UTC [25] LOG:  database system was shut down at 2023-11-01 19:18:31 UTC
2023-11-01 19:20:13.090 UTC [1] LOG:  database system is ready to accept connections
2023-11-01 19:25:13.182 UTC [23] LOG:  checkpoint starting: time
2023-11-01 19:25:14.200 UTC [23] LOG:  checkpoint complete: wrote 13 buffers (0.1%); 0 WAL file(s) added, 0 removed, 0 recycled; write=1.007 s, sync=0.005 s, total=1.019 s; sync files=12, longest=0.003 s, average=0.001 s; distance=4 kB, estimate=4 kB
2023-11-01 19:30:13.299 UTC [23] LOG:  checkpoint starting: time
2023-11-01 19:30:14.722 UTC [23] LOG:  checkpoint complete: wrote 15 buffers (0.1%); 0 WAL file(s) added, 0 removed, 0 recycled; write=1.412 s, sync=0.003 s, total=1.424 s; sync files=15, longest=0.002 s, average=0.001 s; distance=10 kB, estimate=10 kB
2023-11-01 19:35:13.774 UTC [23] LOG:  checkpoint starting: time
2023-11-01 19:35:15.600 UTC [23] LOG:  checkpoint complete: wrote 19 buffers (0.1%); 0 WAL file(s) added, 0 removed, 0 recycled; write=1.816 s, sync=0.004 s, total=1.827 s; sync files=19, longest=0.002 s, average=0.001 s; distance=18 kB, estimate=18 kB
2023-11-01 19:35:43.917 UTC [1] LOG:  received fast shutdown request
2023-11-01 19:35:43.918 UTC [1] LOG:  aborting any active transactions
2023-11-01 19:35:43.918 UTC [40] FATAL:  terminating connection due to administrator command
2023-11-01 19:35:43.921 UTC [1] LOG:  background worker "logical replication launcher" (PID 28) exited with exit code 1
2023-11-01 19:35:43.922 UTC [23] LOG:  shutting down
2023-11-01 19:35:43.923 UTC [23] LOG:  checkpoint starting: shutdown immediate
2023-11-01 19:35:43.927 UTC [23] LOG:  checkpoint complete: wrote 0 buffers (0.0%); 0 WAL file(s) added, 0 removed, 0 recycled; write=0.001 s, sync=0.001 s, total=0.006 s; sync files=0, longest=0.000 s, average=0.000 s; distance=0 kB, estimate=16 kB
2023-11-01 19:35:43.932 UTC [1] LOG:  database system is shut down
