2023-11-03 17:56:21.383 UTC [1] LOG:  starting PostgreSQL 15.4 on x86_64-pc-linux-musl, compiled by gcc (Alpine 12.2.1_git20220924-r10) 12.2.1 20220924, 64-bit
2023-11-03 17:56:21.383 UTC [1] LOG:  listening on IPv4 address "0.0.0.0", port 5432
2023-11-03 17:56:21.383 UTC [1] LOG:  listening on IPv6 address "::", port 5432
2023-11-03 17:56:21.385 UTC [1] LOG:  listening on Unix socket "/var/run/postgresql/.s.PGSQL.5432"
2023-11-03 17:56:21.387 UTC [25] LOG:  database system was shut down at 2023-11-03 17:50:56 UTC
2023-11-03 17:56:21.390 UTC [1] LOG:  database system is ready to accept connections
2023-11-03 18:00:46.694 UTC [42] FATAL:  password authentication failed for user "None"
2023-11-03 18:00:46.694 UTC [42] DETAIL:  Role "None" does not exist.
	Connection matched pg_hba.conf line 100: "host all all all scram-sha-256"
2023-11-03 18:00:49.353 UTC [43] FATAL:  password authentication failed for user "None"
2023-11-03 18:00:49.353 UTC [43] DETAIL:  Role "None" does not exist.
	Connection matched pg_hba.conf line 100: "host all all all scram-sha-256"
2023-11-03 18:00:50.467 UTC [44] FATAL:  password authentication failed for user "None"
2023-11-03 18:00:50.467 UTC [44] DETAIL:  Role "None" does not exist.
	Connection matched pg_hba.conf line 100: "host all all all scram-sha-256"
2023-11-03 18:01:21.437 UTC [23] LOG:  checkpoint starting: time
2023-11-03 18:01:21.453 UTC [23] LOG:  checkpoint complete: wrote 3 buffers (0.0%); 0 WAL file(s) added, 0 removed, 0 recycled; write=0.006 s, sync=0.001 s, total=0.016 s; sync files=2, longest=0.001 s, average=0.001 s; distance=0 kB, estimate=0 kB
2023-11-03 18:02:41.354 UTC [50] FATAL:  password authentication failed for user "None"
2023-11-03 18:02:41.354 UTC [50] DETAIL:  Role "None" does not exist.
	Connection matched pg_hba.conf line 100: "host all all all scram-sha-256"
2023-11-03 18:02:42.253 UTC [52] FATAL:  password authentication failed for user "None"
2023-11-03 18:02:42.253 UTC [52] DETAIL:  Role "None" does not exist.
	Connection matched pg_hba.conf line 100: "host all all all scram-sha-256"
2023-11-03 18:02:49.926 UTC [1] LOG:  received fast shutdown request
2023-11-03 18:02:49.927 UTC [1] LOG:  aborting any active transactions
2023-11-03 18:02:49.928 UTC [1] LOG:  background worker "logical replication launcher" (PID 28) exited with exit code 1
2023-11-03 18:02:49.928 UTC [23] LOG:  shutting down
2023-11-03 18:02:49.929 UTC [23] LOG:  checkpoint starting: shutdown immediate
2023-11-03 18:02:49.933 UTC [23] LOG:  checkpoint complete: wrote 0 buffers (0.0%); 0 WAL file(s) added, 0 removed, 0 recycled; write=0.001 s, sync=0.001 s, total=0.005 s; sync files=0, longest=0.000 s, average=0.000 s; distance=0 kB, estimate=0 kB
2023-11-03 18:02:49.935 UTC [1] LOG:  database system is shut down
